<?xml version="1.0" encoding="UTF-8"?>
<!-- Generated by org.testng.reporters.JUnitXMLReporter -->
<testsuite ignored="0" hostname="Jexin" failures="0" tests="4" name="Default test" time="7.336" errors="0" timestamp="2025-12-01T10:00:02 IST">
  <testcase classname="api.test.UserTests_Propertiesfile" name="testCreateUser" time="2.937"/>
  <testcase classname="api.test.UserTests_Propertiesfile" name="testGetUser" time="1.288"/>
  <testcase classname="api.test.UserTests_Propertiesfile" name="testUpdateUser" time="1.156"/>
  <testcase classname="api.test.UserTests_Propertiesfile" name="testDeleteUser" time="1.197"/>
</testsuite> <!-- Default test -->
