<?xml version="1.0" encoding="UTF-8"?>
<!-- Generated by org.testng.reporters.JUnitXMLReporter -->
<testsuite ignored="0" hostname="Jexin" failures="0" tests="4" name="Test" time="9.664" errors="0" timestamp="2025-11-30T19:50:00 IST">
  <testcase classname="api.test.UserTests" name="testCreateUser" time="3.692"/>
  <testcase classname="api.test.UserTests" name="testGetUser" time="1.53"/>
  <testcase classname="api.test.UserTests" name="testUpdateUser" time="1.533"/>
  <testcase classname="api.test.UserTests" name="testDeleteUser" time="1.465"/>
</testsuite> <!-- Test -->
