<?xml version="1.0" encoding="UTF-8"?>
<testng-results ignored="0" total="4" passed="4" failed="0" skipped="0">
  <reporter-output>
  </reporter-output>
  <suite started-at="2025-12-01T10:28:30 IST" name="Suite" finished-at="2025-12-01T10:28:38 IST" duration-ms="7774">
    <groups>
    </groups>
    <test started-at="2025-12-01T10:28:30 IST" name="Test" finished-at="2025-12-01T10:28:38 IST" duration-ms="7774">
      <class name="api.test.UserTests">
        <test-method is-config="true" signature="setup()[pri:0, instance:api.test.UserTests@7b98f307]" started-at="2025-12-01T10:28:30 IST" name="setup" finished-at="2025-12-01T10:28:31 IST" duration-ms="724" status="PASS">
          <reporter-output>
          </reporter-output>
        </test-method> <!-- setup -->
        <test-method signature="testCreateUser()[pri:1, instance:api.test.UserTests@7b98f307]" started-at="2025-12-01T10:28:31 IST" name="testCreateUser" finished-at="2025-12-01T10:28:34 IST" duration-ms="3073" status="PASS">
          <reporter-output>
          </reporter-output>
        </test-method> <!-- testCreateUser -->
        <test-method signature="testGetUser()[pri:2, instance:api.test.UserTests@7b98f307]" started-at="2025-12-01T10:28:34 IST" name="testGetUser" finished-at="2025-12-01T10:28:35 IST" duration-ms="1218" status="PASS">
          <reporter-output>
          </reporter-output>
        </test-method> <!-- testGetUser -->
        <test-method signature="testUpdateUser()[pri:3, instance:api.test.UserTests@7b98f307]" started-at="2025-12-01T10:28:35 IST" name="testUpdateUser" finished-at="2025-12-01T10:28:36 IST" duration-ms="1274" status="PASS">
          <reporter-output>
          </reporter-output>
        </test-method> <!-- testUpdateUser -->
        <test-method signature="testDeleteUser()[pri:4, instance:api.test.UserTests@7b98f307]" started-at="2025-12-01T10:28:36 IST" name="testDeleteUser" finished-at="2025-12-01T10:28:38 IST" duration-ms="1202" status="PASS">
          <reporter-output>
          </reporter-output>
        </test-method> <!-- testDeleteUser -->
      </class> <!-- api.test.UserTests -->
    </test> <!-- Test -->
  </suite> <!-- Suite -->
</testng-results>
