<?xml version="1.0" encoding="UTF-8"?>
<testng-results ignored="0" total="4" passed="4" failed="0" skipped="0">
  <reporter-output>
  </reporter-output>
  <suite started-at="2025-12-01T09:59:55 IST" name="Default suite" finished-at="2025-12-01T10:00:02 IST" duration-ms="7336">
    <groups>
    </groups>
    <test started-at="2025-12-01T09:59:55 IST" name="Default test" finished-at="2025-12-01T10:00:02 IST" duration-ms="7336">
      <class name="api.test.UserTests_Propertiesfile">
        <test-method is-config="true" signature="setup()[pri:0, instance:api.test.UserTests_Propertiesfile@13b6aecc]" started-at="2025-12-01T09:59:55 IST" name="setup" finished-at="2025-12-01T09:59:55 IST" duration-ms="708" status="PASS">
          <reporter-output>
          </reporter-output>
        </test-method> <!-- setup -->
        <test-method signature="testCreateUser()[pri:1, instance:api.test.UserTests_Propertiesfile@13b6aecc]" started-at="2025-12-01T09:59:55 IST" name="testCreateUser" finished-at="2025-12-01T09:59:58 IST" duration-ms="2937" status="PASS">
          <reporter-output>
          </reporter-output>
        </test-method> <!-- testCreateUser -->
        <test-method signature="testGetUser()[pri:2, instance:api.test.UserTests_Propertiesfile@13b6aecc]" started-at="2025-12-01T09:59:58 IST" name="testGetUser" finished-at="2025-12-01T10:00:00 IST" duration-ms="1288" status="PASS">
          <reporter-output>
          </reporter-output>
        </test-method> <!-- testGetUser -->
        <test-method signature="testUpdateUser()[pri:3, instance:api.test.UserTests_Propertiesfile@13b6aecc]" started-at="2025-12-01T10:00:00 IST" name="testUpdateUser" finished-at="2025-12-01T10:00:01 IST" duration-ms="1156" status="PASS">
          <reporter-output>
          </reporter-output>
        </test-method> <!-- testUpdateUser -->
        <test-method signature="testDeleteUser()[pri:4, instance:api.test.UserTests_Propertiesfile@13b6aecc]" started-at="2025-12-01T10:00:01 IST" name="testDeleteUser" finished-at="2025-12-01T10:00:02 IST" duration-ms="1197" status="PASS">
          <reporter-output>
          </reporter-output>
        </test-method> <!-- testDeleteUser -->
      </class> <!-- api.test.UserTests_Propertiesfile -->
    </test> <!-- Default test -->
  </suite> <!-- Default suite -->
</testng-results>
