<?xml version="1.0" encoding="UTF-8"?>
<!-- Generated by org.testng.reporters.JUnitReportReporter -->
<testsuite hostname="Jexin" failures="0" tests="6" name="api.test.UserDataProviderTest" time="13.209" errors="0" timestamp="2025-11-30T14:56:02 IST" skipped="0">
  <testcase classname="api.test.UserDataProviderTest" name="testCreateUser" time="5.970"/>
  <testcase classname="api.test.UserDataProviderTest" name="testCreateUser" time="1.512"/>
  <testcase classname="api.test.UserDataProviderTest" name="testCreateUser" time="1.427"/>
  <testcase classname="api.test.UserDataProviderTest" name="testDeleteUser" time="1.491"/>
  <testcase classname="api.test.UserDataProviderTest" name="testDeleteUser" time="1.287"/>
  <testcase classname="api.test.UserDataProviderTest" name="testDeleteUser" time="1.522"/>
</testsuite> <!-- api.test.UserDataProviderTest -->
