<?xml version="1.0" encoding="UTF-8"?>
<!-- Generated by org.testng.reporters.JUnitReportReporter -->
<testsuite hostname="Jexin" failures="0" tests="4" name="api.test.UserTests_Propertiesfile" time="6.578" errors="0" timestamp="2025-12-01T10:00:02 IST" skipped="0">
  <testcase classname="api.test.UserTests_Propertiesfile" name="testCreateUser" time="2.937"/>
  <testcase classname="api.test.UserTests_Propertiesfile" name="testGetUser" time="1.288"/>
  <testcase classname="api.test.UserTests_Propertiesfile" name="testUpdateUser" time="1.156"/>
  <testcase classname="api.test.UserTests_Propertiesfile" name="testDeleteUser" time="1.197"/>
</testsuite> <!-- api.test.UserTests_Propertiesfile -->
