<?xml version="1.0" encoding="UTF-8"?>
<!-- Generated by org.testng.reporters.JUnitReportReporter -->
<testsuite hostname="Jexin" failures="0" tests="4" name="api.test.UserTests" time="6.767" errors="0" timestamp="2025-12-01T10:28:39 IST" skipped="0">
  <testcase classname="api.test.UserTests" name="testCreateUser" time="3.073"/>
  <testcase classname="api.test.UserTests" name="testGetUser" time="1.218"/>
  <testcase classname="api.test.UserTests" name="testUpdateUser" time="1.274"/>
  <testcase classname="api.test.UserTests" name="testDeleteUser" time="1.202"/>
</testsuite> <!-- api.test.UserTests -->
